2020-10-21T01:33:38+00:00 CRITICAL Out of memory (allocated 46137344) (tried to allocate 20480 bytes), em /var/www/biostilo/wp-content/plugins/roadthemes-helper/less/lessc.inc.php, na linha 565

2020-10-21T01:33:39+00:00 CRITICAL Out of memory (allocated 44040192) (tried to allocate 20480 bytes), em /var/www/biostilo/wp-content/plugins/roadthemes-helper/less/lessc.inc.php, na linha 3401

2020-10-21T01:33:41+00:00 CRITICAL Out of memory (allocated 44040192) (tried to allocate 20480 bytes), em /var/www/biostilo/wp-content/plugins/roadthemes-helper/less/lessc.inc.php, na linha 3401

2020-10-21T01:35:03+00:00 CRITICAL Out of memory (allocated 46137344) (tried to allocate 20480 bytes), em /var/www/biostilo/wp-content/plugins/roadthemes-helper/less/lessc.inc.php, na linha 1395

2020-10-21T01:35:03+00:00 CRITICAL Out of memory (allocated 46137344) (tried to allocate 20480 bytes), em /var/www/biostilo/wp-content/plugins/roadthemes-helper/less/lessc.inc.php, na linha 1395

2020-10-21T01:35:06+00:00 CRITICAL Out of memory (allocated 46137344) (tried to allocate 131072 bytes), em /var/www/biostilo/wp-content/plugins/roadthemes-helper/less/lessc.inc.php, na linha 3618

2020-10-21T01:35:06+00:00 CRITICAL Out of memory (allocated 46137344) (tried to allocate 20480 bytes), em /var/www/biostilo/wp-content/plugins/roadthemes-helper/less/lessc.inc.php, na linha 1710

2020-10-21T01:35:11+00:00 CRITICAL Out of memory (allocated 46137344) (tried to allocate 20480 bytes), em /var/www/biostilo/wp-content/plugins/roadthemes-helper/less/lessc.inc.php, na linha 318

2020-10-21T01:35:12+00:00 CRITICAL Out of memory (allocated 46137344) (tried to allocate 20480 bytes), em /var/www/biostilo/wp-content/plugins/roadthemes-helper/less/lessc.inc.php, na linha 451

2020-10-21T01:35:36+00:00 CRITICAL Out of memory (allocated 46137344) (tried to allocate 98304 bytes), em /var/www/biostilo/wp-content/plugins/roadthemes-helper/less/lessc.inc.php, na linha 3618

2020-10-21T01:35:43+00:00 CRITICAL Out of memory (allocated 46137344) (tried to allocate 20480 bytes), em /var/www/biostilo/wp-content/plugins/roadthemes-helper/less/lessc.inc.php, na linha 386

2020-10-21T01:36:42+00:00 CRITICAL Out of memory (allocated 52428800) (tried to allocate 20480 bytes), em /var/www/biostilo/wp-includes/functions.php, na linha 624

2020-10-21T03:59:24+00:00 CRITICAL Uncaught Error: Call to undefined function wwc_get_product() in /var/www/biostilo/wp-content/themes/oxelar/include/wooajax.php:24
Stack trace:
#0 /var/www/biostilo/wp-includes/class-wp-hook.php(287): product_quickview('')
#1 /var/www/biostilo/wp-includes/class-wp-hook.php(311): WP_Hook->apply_filters('', Array)
#2 /var/www/biostilo/wp-includes/plugin.php(478): WP_Hook->do_action(Array)
#3 /var/www/biostilo/wp-admin/admin-ajax.php(191): do_action('wp_ajax_nopriv_...')
#4 {main}
  thrown, em /var/www/biostilo/wp-content/themes/oxelar/include/wooajax.php, na linha 24

2020-10-21T04:58:41+00:00 CRITICAL Uncaught Error: Call to undefined function wwc_get_product() in /var/www/biostilo/wp-content/themes/oxelar/include/wooajax.php:24
Stack trace:
#0 /var/www/biostilo/wp-includes/class-wp-hook.php(287): product_quickview('')
#1 /var/www/biostilo/wp-includes/class-wp-hook.php(311): WP_Hook->apply_filters('', Array)
#2 /var/www/biostilo/wp-includes/plugin.php(478): WP_Hook->do_action(Array)
#3 /var/www/biostilo/wp-admin/admin-ajax.php(191): do_action('wp_ajax_nopriv_...')
#4 {main}
  thrown, em /var/www/biostilo/wp-content/themes/oxelar/include/wooajax.php, na linha 24

2020-10-21T08:11:10+00:00 CRITICAL Uncaught Error: Call to undefined function wwc_get_product() in /var/www/biostilo/wp-content/themes/oxelar/include/wooajax.php:24
Stack trace:
#0 /var/www/biostilo/wp-includes/class-wp-hook.php(287): product_quickview('')
#1 /var/www/biostilo/wp-includes/class-wp-hook.php(311): WP_Hook->apply_filters('', Array)
#2 /var/www/biostilo/wp-includes/plugin.php(478): WP_Hook->do_action(Array)
#3 /var/www/biostilo/wp-admin/admin-ajax.php(191): do_action('wp_ajax_nopriv_...')
#4 {main}
  thrown, em /var/www/biostilo/wp-content/themes/oxelar/include/wooajax.php, na linha 24

2020-10-21T09:30:20+00:00 CRITICAL Uncaught Error: Call to undefined function wwc_get_product() in /var/www/biostilo/wp-content/themes/oxelar/include/wooajax.php:24
Stack trace:
#0 /var/www/biostilo/wp-includes/class-wp-hook.php(287): product_quickview('')
#1 /var/www/biostilo/wp-includes/class-wp-hook.php(311): WP_Hook->apply_filters('', Array)
#2 /var/www/biostilo/wp-includes/plugin.php(478): WP_Hook->do_action(Array)
#3 /var/www/biostilo/wp-admin/admin-ajax.php(191): do_action('wp_ajax_nopriv_...')
#4 {main}
  thrown, em /var/www/biostilo/wp-content/themes/oxelar/include/wooajax.php, na linha 24

2020-10-21T12:03:37+00:00 CRITICAL Uncaught Error: Call to undefined function wwc_get_product() in /var/www/biostilo/wp-content/themes/oxelar/include/wooajax.php:24
Stack trace:
#0 /var/www/biostilo/wp-includes/class-wp-hook.php(287): product_quickview('')
#1 /var/www/biostilo/wp-includes/class-wp-hook.php(311): WP_Hook->apply_filters('', Array)
#2 /var/www/biostilo/wp-includes/plugin.php(478): WP_Hook->do_action(Array)
#3 /var/www/biostilo/wp-admin/admin-ajax.php(191): do_action('wp_ajax_nopriv_...')
#4 {main}
  thrown, em /var/www/biostilo/wp-content/themes/oxelar/include/wooajax.php, na linha 24

2020-10-21T12:23:15+00:00 CRITICAL Uncaught Error: Call to undefined function wwc_get_product() in /var/www/biostilo/wp-content/themes/oxelar/include/wooajax.php:24
Stack trace:
#0 /var/www/biostilo/wp-includes/class-wp-hook.php(287): product_quickview('')
#1 /var/www/biostilo/wp-includes/class-wp-hook.php(311): WP_Hook->apply_filters('', Array)
#2 /var/www/biostilo/wp-includes/plugin.php(478): WP_Hook->do_action(Array)
#3 /var/www/biostilo/wp-admin/admin-ajax.php(191): do_action('wp_ajax_nopriv_...')
#4 {main}
  thrown, em /var/www/biostilo/wp-content/themes/oxelar/include/wooajax.php, na linha 24

2020-10-21T14:01:00+00:00 CRITICAL Uncaught Error: Call to undefined function wwc_get_product() in /var/www/biostilo/wp-content/themes/oxelar/include/wooajax.php:24
Stack trace:
#0 /var/www/biostilo/wp-includes/class-wp-hook.php(287): product_quickview('')
#1 /var/www/biostilo/wp-includes/class-wp-hook.php(311): WP_Hook->apply_filters('', Array)
#2 /var/www/biostilo/wp-includes/plugin.php(478): WP_Hook->do_action(Array)
#3 /var/www/biostilo/wp-admin/admin-ajax.php(191): do_action('wp_ajax_nopriv_...')
#4 {main}
  thrown, em /var/www/biostilo/wp-content/themes/oxelar/include/wooajax.php, na linha 24

2020-10-21T17:18:58+00:00 CRITICAL Uncaught Error: Call to undefined function wwc_get_product() in /var/www/biostilo/wp-content/themes/oxelar/include/wooajax.php:24
Stack trace:
#0 /var/www/biostilo/wp-includes/class-wp-hook.php(287): product_quickview('')
#1 /var/www/biostilo/wp-includes/class-wp-hook.php(311): WP_Hook->apply_filters('', Array)
#2 /var/www/biostilo/wp-includes/plugin.php(478): WP_Hook->do_action(Array)
#3 /var/www/biostilo/wp-admin/admin-ajax.php(191): do_action('wp_ajax_nopriv_...')
#4 {main}
  thrown, em /var/www/biostilo/wp-content/themes/oxelar/include/wooajax.php, na linha 24

2020-10-21T20:29:12+00:00 CRITICAL Uncaught Error: Call to undefined function wwc_get_product() in /var/www/biostilo/wp-content/themes/oxelar/include/wooajax.php:24
Stack trace:
#0 /var/www/biostilo/wp-includes/class-wp-hook.php(287): product_quickview('')
#1 /var/www/biostilo/wp-includes/class-wp-hook.php(311): WP_Hook->apply_filters('', Array)
#2 /var/www/biostilo/wp-includes/plugin.php(478): WP_Hook->do_action(Array)
#3 /var/www/biostilo/wp-admin/admin-ajax.php(191): do_action('wp_ajax_nopriv_...')
#4 {main}
  thrown, em /var/www/biostilo/wp-content/themes/oxelar/include/wooajax.php, na linha 24

2020-10-21T20:29:17+00:00 CRITICAL Uncaught Error: Call to undefined function wwc_get_product() in /var/www/biostilo/wp-content/themes/oxelar/include/wooajax.php:24
Stack trace:
#0 /var/www/biostilo/wp-includes/class-wp-hook.php(287): product_quickview('')
#1 /var/www/biostilo/wp-includes/class-wp-hook.php(311): WP_Hook->apply_filters('', Array)
#2 /var/www/biostilo/wp-includes/plugin.php(478): WP_Hook->do_action(Array)
#3 /var/www/biostilo/wp-admin/admin-ajax.php(191): do_action('wp_ajax_nopriv_...')
#4 {main}
  thrown, em /var/www/biostilo/wp-content/themes/oxelar/include/wooajax.php, na linha 24

2020-10-21T20:31:40+00:00 CRITICAL Uncaught Error: Call to undefined function wwc_get_product() in /var/www/biostilo/wp-content/themes/oxelar/include/wooajax.php:24
Stack trace:
#0 /var/www/biostilo/wp-includes/class-wp-hook.php(287): product_quickview('')
#1 /var/www/biostilo/wp-includes/class-wp-hook.php(311): WP_Hook->apply_filters('', Array)
#2 /var/www/biostilo/wp-includes/plugin.php(478): WP_Hook->do_action(Array)
#3 /var/www/biostilo/wp-admin/admin-ajax.php(191): do_action('wp_ajax_nopriv_...')
#4 {main}
  thrown, em /var/www/biostilo/wp-content/themes/oxelar/include/wooajax.php, na linha 24

2020-10-21T23:11:49+00:00 CRITICAL Uncaught Error: Call to undefined function wwc_get_product() in /var/www/biostilo/wp-content/themes/oxelar/include/wooajax.php:24
Stack trace:
#0 /var/www/biostilo/wp-includes/class-wp-hook.php(287): product_quickview('')
#1 /var/www/biostilo/wp-includes/class-wp-hook.php(311): WP_Hook->apply_filters('', Array)
#2 /var/www/biostilo/wp-includes/plugin.php(478): WP_Hook->do_action(Array)
#3 /var/www/biostilo/wp-admin/admin-ajax.php(191): do_action('wp_ajax_nopriv_...')
#4 {main}
  thrown, em /var/www/biostilo/wp-content/themes/oxelar/include/wooajax.php, na linha 24

2020-10-21T23:13:59+00:00 CRITICAL Uncaught Error: Call to undefined function wwc_get_product() in /var/www/biostilo/wp-content/themes/oxelar/include/wooajax.php:24
Stack trace:
#0 /var/www/biostilo/wp-includes/class-wp-hook.php(287): product_quickview('')
#1 /var/www/biostilo/wp-includes/class-wp-hook.php(311): WP_Hook->apply_filters('', Array)
#2 /var/www/biostilo/wp-includes/plugin.php(478): WP_Hook->do_action(Array)
#3 /var/www/biostilo/wp-admin/admin-ajax.php(191): do_action('wp_ajax_nopriv_...')
#4 {main}
  thrown, em /var/www/biostilo/wp-content/themes/oxelar/include/wooajax.php, na linha 24

