2020-10-22T01:58:25+00:00 CRITICAL Uncaught Error: Call to undefined function wwc_get_product() in /var/www/biostilo/wp-content/themes/oxelar/include/wooajax.php:24
Stack trace:
#0 /var/www/biostilo/wp-includes/class-wp-hook.php(287): product_quickview('')
#1 /var/www/biostilo/wp-includes/class-wp-hook.php(311): WP_Hook->apply_filters('', Array)
#2 /var/www/biostilo/wp-includes/plugin.php(478): WP_Hook->do_action(Array)
#3 /var/www/biostilo/wp-admin/admin-ajax.php(191): do_action('wp_ajax_nopriv_...')
#4 {main}
  thrown, em /var/www/biostilo/wp-content/themes/oxelar/include/wooajax.php, na linha 24

2020-10-22T02:01:35+00:00 CRITICAL Uncaught Error: Call to undefined function wwc_get_product() in /var/www/biostilo/wp-content/themes/oxelar/include/wooajax.php:24
Stack trace:
#0 /var/www/biostilo/wp-includes/class-wp-hook.php(287): product_quickview('')
#1 /var/www/biostilo/wp-includes/class-wp-hook.php(311): WP_Hook->apply_filters('', Array)
#2 /var/www/biostilo/wp-includes/plugin.php(478): WP_Hook->do_action(Array)
#3 /var/www/biostilo/wp-admin/admin-ajax.php(191): do_action('wp_ajax_nopriv_...')
#4 {main}
  thrown, em /var/www/biostilo/wp-content/themes/oxelar/include/wooajax.php, na linha 24

2020-10-22T04:12:25+00:00 CRITICAL Uncaught Error: Call to undefined function wwc_get_product() in /var/www/biostilo/wp-content/themes/oxelar/include/wooajax.php:24
Stack trace:
#0 /var/www/biostilo/wp-includes/class-wp-hook.php(287): product_quickview('')
#1 /var/www/biostilo/wp-includes/class-wp-hook.php(311): WP_Hook->apply_filters('', Array)
#2 /var/www/biostilo/wp-includes/plugin.php(478): WP_Hook->do_action(Array)
#3 /var/www/biostilo/wp-admin/admin-ajax.php(191): do_action('wp_ajax_nopriv_...')
#4 {main}
  thrown, em /var/www/biostilo/wp-content/themes/oxelar/include/wooajax.php, na linha 24

2020-10-22T04:53:47+00:00 CRITICAL Uncaught Error: Call to undefined function wwc_get_product() in /var/www/biostilo/wp-content/themes/oxelar/include/wooajax.php:24
Stack trace:
#0 /var/www/biostilo/wp-includes/class-wp-hook.php(287): product_quickview('')
#1 /var/www/biostilo/wp-includes/class-wp-hook.php(311): WP_Hook->apply_filters('', Array)
#2 /var/www/biostilo/wp-includes/plugin.php(478): WP_Hook->do_action(Array)
#3 /var/www/biostilo/wp-admin/admin-ajax.php(191): do_action('wp_ajax_nopriv_...')
#4 {main}
  thrown, em /var/www/biostilo/wp-content/themes/oxelar/include/wooajax.php, na linha 24

2020-10-22T10:42:04+00:00 CRITICAL Uncaught Error: Call to undefined function wwc_get_product() in /var/www/biostilo/wp-content/themes/oxelar/include/wooajax.php:24
Stack trace:
#0 /var/www/biostilo/wp-includes/class-wp-hook.php(287): product_quickview('')
#1 /var/www/biostilo/wp-includes/class-wp-hook.php(311): WP_Hook->apply_filters('', Array)
#2 /var/www/biostilo/wp-includes/plugin.php(478): WP_Hook->do_action(Array)
#3 /var/www/biostilo/wp-admin/admin-ajax.php(191): do_action('wp_ajax_nopriv_...')
#4 {main}
  thrown, em /var/www/biostilo/wp-content/themes/oxelar/include/wooajax.php, na linha 24

2020-10-22T13:06:54+00:00 CRITICAL Uncaught Error: Call to undefined function wwc_get_product() in /var/www/biostilo/wp-content/themes/oxelar/include/wooajax.php:24
Stack trace:
#0 /var/www/biostilo/wp-includes/class-wp-hook.php(287): product_quickview('')
#1 /var/www/biostilo/wp-includes/class-wp-hook.php(311): WP_Hook->apply_filters('', Array)
#2 /var/www/biostilo/wp-includes/plugin.php(478): WP_Hook->do_action(Array)
#3 /var/www/biostilo/wp-admin/admin-ajax.php(191): do_action('wp_ajax_nopriv_...')
#4 {main}
  thrown, em /var/www/biostilo/wp-content/themes/oxelar/include/wooajax.php, na linha 24

2020-10-22T14:09:22+00:00 CRITICAL Uncaught Error: Call to undefined function wwc_get_product() in /var/www/biostilo/wp-content/themes/oxelar/include/wooajax.php:24
Stack trace:
#0 /var/www/biostilo/wp-includes/class-wp-hook.php(287): product_quickview('')
#1 /var/www/biostilo/wp-includes/class-wp-hook.php(311): WP_Hook->apply_filters('', Array)
#2 /var/www/biostilo/wp-includes/plugin.php(478): WP_Hook->do_action(Array)
#3 /var/www/biostilo/wp-admin/admin-ajax.php(191): do_action('wp_ajax_nopriv_...')
#4 {main}
  thrown, em /var/www/biostilo/wp-content/themes/oxelar/include/wooajax.php, na linha 24

2020-10-22T16:42:53+00:00 CRITICAL Uncaught Error: Call to undefined function wwc_get_product() in /var/www/biostilo/wp-content/themes/oxelar/include/wooajax.php:24
Stack trace:
#0 /var/www/biostilo/wp-includes/class-wp-hook.php(287): product_quickview('')
#1 /var/www/biostilo/wp-includes/class-wp-hook.php(311): WP_Hook->apply_filters('', Array)
#2 /var/www/biostilo/wp-includes/plugin.php(478): WP_Hook->do_action(Array)
#3 /var/www/biostilo/wp-admin/admin-ajax.php(191): do_action('wp_ajax_nopriv_...')
#4 {main}
  thrown, em /var/www/biostilo/wp-content/themes/oxelar/include/wooajax.php, na linha 24

2020-10-22T18:57:46+00:00 CRITICAL Uncaught Error: Call to undefined function wwc_get_product() in /var/www/biostilo/wp-content/themes/oxelar/include/wooajax.php:24
Stack trace:
#0 /var/www/biostilo/wp-includes/class-wp-hook.php(287): product_quickview('')
#1 /var/www/biostilo/wp-includes/class-wp-hook.php(311): WP_Hook->apply_filters('', Array)
#2 /var/www/biostilo/wp-includes/plugin.php(478): WP_Hook->do_action(Array)
#3 /var/www/biostilo/wp-admin/admin-ajax.php(191): do_action('wp_ajax_nopriv_...')
#4 {main}
  thrown, em /var/www/biostilo/wp-content/themes/oxelar/include/wooajax.php, na linha 24

