10-20-2020 @ 23:17:09 - Debug Cielo: Array
(
    [MerchantOrderId] => 00000014467
    [Customer] => Array
        (
            [Name] => GABRIELA PFITZER SCHAEFER
            [Identity] => 03650850907
            [IdentityType] => CPF
            [Address] => Array
                (
                    [Street] => RODOVIA OSVALDO REIS
                    [Number] => 3281
                    [District] => BALNEARIO SANTA CLARA
                    [Complement] => ed riviera business
                    [ZipCode] => 88306773
                    [City] => ITAJAI
                    [State] => SC
                    [Country] => BR
                )

        )

    [Payment] => Array
        (
            [Type] => Boleto
            [BoletoNumber] => 000030855
            [Amount] => 44614
            [Address] => DISTRITO INDUSTRIAL - SANTA BARBARA DOESTE SP
            [Assignor] => MANUSCRITO CONFECCOES EIRELI - ME
            [Identification] => 11240412000115
            [Provider] => BancodoBrasil2
            [ExpirationDate] => 2020-10-26
            [Instructions] => REALIZAR O PAGAMENTO ATE A DATA DE VENCIMENTO.
        )

)

10-20-2020 @ 23:17:09 - Resultado: RestClient Object
(
    [options] => Array
        (
            [headers] => Array
                (
                    [Content-Type] => application/json
                    [Accept] => application/json
                    [MerchantId] => 426b7f2b-19e4-4fee-aa06-5a061b9b6273
                    [MerchantKey] => ZbxpGCnRgVd5FgSkvS7QcgXsnH2tsIyHitTu7Mee
                    [RequestId] => 
                )

            [parameters] => Array
                (
                )

            [curl_options] => Array
                (
                )

            [user_agent] => PHP RestClient/0.1.4
            [base_url] => https://api.cieloecommerce.cielo.com.br/1/
            [format] => 
            [format_regex] => /(\w+)\/(\w+)(;[.+])?/
            [decoders] => Array
                (
                    [json] => json_decode
                    [php] => unserialize
                )

            [username] => 
            [password] => 
        )

    [handle] => Resource id #920
    [response] => {"MerchantOrderId":"00000014467","Customer":{"Name":"GABRIELA PFITZER SCHAEFER","Identity":"03650850907","IdentityType":"CPF","Address":{"Street":"RODOVIA OSVALDO REIS","Number":"3281","Complement":"ed riviera business","ZipCode":"88306773","City":"ITAJAI","State":"SC","Country":"BR","District":"BALNEARIO SANTA CLARA"}},"Payment":{"Instructions":"REALIZAR O PAGAMENTO ATE A DATA DE VENCIMENTO.","ExpirationDate":"2020-10-26","Url":"https://transaction.pagador.com.br/post/pagador/reenvia.asp/1680a61f-d3f0-4650-b0ef-7ce100757a04","BoletoNumber":"0000030855","BarCodeNumber":"","DigitableLine":"","Assignor":"MANUSCRITO CONFECCOES EIRELI - ME","Address":"DISTRITO INDUSTRIAL - SANTA BARBARA DOESTE SP","Identification":"11240412000115","ProviderReturnCode":"0","ProviderReturnMessage":"Transação criada com sucesso","Bank":0,"Amount":44614,"ReceivedDate":"2020-10-20 23:17:08","Provider":"BancoDoBrasil2","Status":1,"IsSplitted":false,"ReturnMessage":"Transação criada com sucesso","ReturnCode":"0","PaymentId":"1680a61f-d3f0-4650-b0ef-7ce100757a04","Type":"Boleto","Currency":"BRL","Country":"BRA","Links":[{"Method":"GET","Rel":"self","Href":"https://apiquery.cieloecommerce.cielo.com.br/1/sales/1680a61f-d3f0-4650-b0ef-7ce100757a04"}]}}
    [headers] => 
    [info] => stdClass Object
        (
            [url] => https://api.cieloecommerce.cielo.com.br/1/sales
            [content_type] => application/json; charset=utf-8
            [http_code] => 201
            [header_size] => 530
            [request_size] => 934
            [filetime] => -1
            [ssl_verify_result] => 0
            [redirect_count] => 0
            [total_time] => 0.841943
            [namelookup_time] => 0.004165
            [connect_time] => 0.118207
            [pretransfer_time] => 0.354048
            [size_upload] => 655
            [size_download] => 1244
            [speed_download] => 1479
            [speed_upload] => 778
            [download_content_length] => 1244
            [upload_content_length] => 655
            [starttransfer_time] => 0.841912
            [redirect_time] => 0
            [redirect_url] => 
            [primary_ip] => 191.232.52.242
            [certinfo] => Array
                (
                )

            [primary_port] => 443
            [local_ip] => 192.241.130.41
            [local_port] => 49062
        )

    [error] => 
    [status] => 201
    [decoded_response] => 
    [iterator_positon:RestClient:private] => 
    [url] => https://api.cieloecommerce.cielo.com.br/1/sales
)

