10-19-2020 @ 00:48:58 - Debug Cielo: Array
(
    [MerchantOrderId] => 14465
    [Customer] => Array
        (
            [Name] => Nellyana Schefer Corte
            [Email] => ne@domglutao.com.br
            [Identity] => 13589838876
            [IdentityType] => CPF
            [Address] => Array
                (
                    [Street] => Rua Sérgio Antônio Antunes ,45
                    [Number] => 45
                    [District] => Villagio D Italia
                    [Complement] => Condominio
                    [ZipCode] => 13612332
                    [City] => Leme
                    [State] => SP
                    [Country] => BR
                )

            [DeliveryAddress] => Array
                (
                    [Street] => Rua Sérgio Antônio Antunes ,45
                    [Number] => 45
                    [District] => Villagio D Italia
                    [Complement] => Condominio
                    [ZipCode] => 13612332
                    [City] => Leme
                    [State] => SP
                    [Country] => BR
                )

        )

    [Payment] => Array
        (
            [Type] => CreditCard
            [Amount] => 24110
            [Currency] => BRL
            [Country] => BRA
            [Provider] => Cielo
            [ServiceTaxAmount] => 0
            [Installments] => 3
            [Interest] => ByMerchant
            [Capture] => true
            [Authenticate] => false
            [Recurrent] => false
            [SoftDescriptor] => BIOSTILO
            [CreditCard] => Array
                (
                    [CardNumber] => 5523051006017370
                    [Holder] => NELLYANA ACHEFER CORTE
                    [ExpirationDate] => 09/2021
                    [SecurityCode] => 841
                    [SaveCard] => false
                    [Brand] => Master
                )

            [FraudAnalysis] => Array
                (
                    [Provider] => cybersource
                    [Sequence] => AuthorizeFirst
                    [SequenceCriteria] => OnSuccess
                    [CaptureOnLowRisk] => true
                    [VoidOnHighRisk] => true
                    [TotalOrderAmount] => 24110
                    [FingerPrintId] => d41d8cd98f00b204e9800998ecf8427e20201019034431
                    [Browser] => Array
                        (
                            [CookiesAccepted] => 1
                            [Email] => ne@domglutao.com.br
                            [IpAddress] => 177.52.108.201
                            [Type] => mozilla/5.0 (iphone; cpu iphone os 14_0
                        )

                    [Cart] => Array
                        (
                            [IsGift] => false
                            [ReturnsAccepted] => true
                            [Items] => Array
                                (
                                    [0] => Array
                                        (
                                            [GiftCategory] => No
                                            [HostHedge] => Normal
                                            [NonSensicalHedge] => Normal
                                            [ObscenitiesHedge] => Normal
                                            [PhoneHedge] => Normal
                                            [Type] => Default
                                            [Name] => Jaleco Louis
                                            [Quantity] => 1
                                            [Sku] => 9687
                                            [TimeHedge] => Normal
                                            [UnitPrice] => 21800
                                            [Risk] => Normal
                                        )

                                )

                        )

                )

        )

)

10-19-2020 @ 00:48:58 - Resultado: RestClient Object
(
    [options] => Array
        (
            [headers] => Array
                (
                    [Content-Type] => application/json
                    [Accept] => application/json
                    [MerchantId] => 426b7f2b-19e4-4fee-aa06-5a061b9b6273
                    [MerchantKey] => ZbxpGCnRgVd5FgSkvS7QcgXsnH2tsIyHitTu7Mee
                    [RequestId] => 
                )

            [parameters] => Array
                (
                )

            [curl_options] => Array
                (
                )

            [user_agent] => PHP RestClient/0.1.4
            [base_url] => https://api.cieloecommerce.cielo.com.br/1/
            [format] => 
            [format_regex] => /(\w+)\/(\w+)(;[.+])?/
            [decoders] => Array
                (
                    [json] => json_decode
                    [php] => unserialize
                )

            [username] => 
            [password] => 
        )

    [handle] => Resource id #947
    [response] => {"MerchantOrderId":"14465","Customer":{"Name":"Nellyana Schefer Corte","Identity":"13589838876","IdentityType":"CPF","Email":"ne@domglutao.com.br","Address":{"Street":"Rua Sérgio Antônio Antunes ,45","Number":"45","Complement":"Condominio","ZipCode":"13612332","City":"Leme","State":"SP","Country":"BR","District":"Villagio D Italia"},"DeliveryAddress":{"Street":"Rua Sérgio Antônio Antunes ,45","Number":"45","Complement":"Condominio","ZipCode":"13612332","City":"Leme","State":"SP","Country":"BR","District":"Villagio D Italia"}},"Payment":{"ServiceTaxAmount":0,"Installments":3,"Interest":0,"Capture":true,"Authenticate":false,"Recurrent":false,"CreditCard":{"CardNumber":"552305******7370","Holder":"NELLYANA ACHEFER CORTE","ExpirationDate":"09/2021","SaveCard":false,"Brand":"Master"},"Tid":"102681432108GSBO39RE","ProofOfSale":"322012","AuthorizationCode":"685774","SoftDescriptor":"BIOSTILO","Provider":"Cielo","Eci":"0","FraudAnalysis":{"Status":4,"StatusDescription":"Aborted","Sequence":"AuthorizeFirst","SequenceCriteria":"OnSuccess","TotalOrderAmount":24110,"TransactionAmount":0,"FingerPrintId":"d41d8cd98f00b204e9800998ecf8427e20201019034431","Cart":{"IsGift":false,"ReturnsAccepted":true,"Items":[{"Type":3,"Name":"Jaleco Louis","Risk":2,"Sku":"9687","OriginalPrice":0,"UnitPrice":21800,"Quantity":1,"HostHedge":2,"NonSensicalHedge":2,"ObscenitiesHedge":2,"PhoneHedge":2,"TimeHedge":2,"VelocityHedge":0,"GiftCategory":2,"Weight":0,"CartType":0}]},"Browser":{"CookiesAccepted":true,"Email":"ne@domglutao.com.br","Type":"mozilla/5.0 (iphone; cpu iphone os 14_0","IpAddress":"177.52.108.201"},"CaptureOnLowRisk":true,"VoidOnHighRisk":true,"Provider":"Cybersource","IsRetryTransaction":false},"IsQrCode":false,"Amount":24110,"ReceivedDate":"2020-10-19 00:48:57","CapturedAmount":24110,"CapturedDate":"2020-10-19 00:48:57","Status":2,"IsSplitted":false,"ReturnMessage":"Transacao capturada com sucesso","ReturnCode":"00","PaymentId":"14417b9f-fa3b-4580-9874-a1afc6fa696e","Type":"CreditCard","Currency":"BRL","Country":"BRA","Links":[{"Method":"GET","Rel":"self","Href":"https://apiquery.cieloecommerce.cielo.com.br/1/sales/14417b9f-fa3b-4580-9874-a1afc6fa696e"},{"Method":"PUT","Rel":"void","Href":"https://api.cieloecommerce.cielo.com.br/1/sales/14417b9f-fa3b-4580-9874-a1afc6fa696e/void"}]}}
    [headers] => 
    [info] => stdClass Object
        (
            [url] => https://api.cieloecommerce.cielo.com.br/1/sales
            [content_type] => application/json; charset=utf-8
            [http_code] => 201
            [header_size] => 556
            [request_size] => 302
            [filetime] => -1
            [ssl_verify_result] => 0
            [redirect_count] => 0
            [total_time] => 1.950391
            [namelookup_time] => 0.25289
            [connect_time] => 0.367773
            [pretransfer_time] => 0.601749
            [size_upload] => 1659
            [size_download] => 2308
            [speed_download] => 1183
            [speed_upload] => 850
            [download_content_length] => 2308
            [upload_content_length] => 1659
            [starttransfer_time] => 0.720122
            [redirect_time] => 0
            [redirect_url] => 
            [primary_ip] => 191.232.52.242
            [certinfo] => Array
                (
                )

            [primary_port] => 443
            [local_ip] => 192.241.130.41
            [local_port] => 59590
        )

    [error] => 
    [status] => 201
    [decoded_response] => 
    [iterator_positon:RestClient:private] => 
    [url] => https://api.cieloecommerce.cielo.com.br/1/sales
)

