10-18-2020 @ 06:25:34 - Debug Cielo: Array
(
    [MerchantOrderId] => 14464
    [Customer] => Array
        (
            [Name] => DEBORA BEATRIZ PEREIRA
            [Email] => ddeborabeatriz@gmail.com
            [Identity] => 05071260921
            [IdentityType] => CPF
            [Address] => Array
                (
                    [Street] => SANTO AGOSTINHO
                    [Number] => 204
                    [District] => CORDEIROS
                    [Complement] => CASA
                    [ZipCode] => 88310200
                    [City] => ITAJAI
                    [State] => SC
                    [Country] => BR
                )

            [DeliveryAddress] => Array
                (
                    [Street] => SANTO AGOSTINHO
                    [Number] => 204
                    [District] => CORDEIROS
                    [Complement] => CASA
                    [ZipCode] => 88310200
                    [City] => ITAJAI
                    [State] => SC
                    [Country] => BR
                )

        )

    [Payment] => Array
        (
            [Type] => CreditCard
            [Amount] => 21328
            [Currency] => BRL
            [Country] => BRA
            [Provider] => Cielo
            [ServiceTaxAmount] => 0
            [Installments] => 3
            [Interest] => ByMerchant
            [Capture] => true
            [Authenticate] => false
            [Recurrent] => false
            [SoftDescriptor] => BIOSTILO
            [CreditCard] => Array
                (
                    [CardNumber] => 5162924271118014
                    [Holder] => DEBORA B PEREIRA
                    [ExpirationDate] => 05/2028
                    [SecurityCode] => 393
                    [SaveCard] => false
                    [Brand] => Master
                )

            [FraudAnalysis] => Array
                (
                    [Provider] => cybersource
                    [Sequence] => AuthorizeFirst
                    [SequenceCriteria] => OnSuccess
                    [CaptureOnLowRisk] => true
                    [VoidOnHighRisk] => true
                    [TotalOrderAmount] => 21328
                    [FingerPrintId] => d41d8cd98f00b204e9800998ecf8427e20201018092340
                    [Browser] => Array
                        (
                            [CookiesAccepted] => 1
                            [Email] => ddeborabeatriz@gmail.com
                            [IpAddress] => 189.112.213.193
                            [Type] => mozilla/5.0 (x11; ubuntu; linux x86_64;
                        )

                    [Cart] => Array
                        (
                            [IsGift] => false
                            [ReturnsAccepted] => true
                            [Items] => Array
                                (
                                    [0] => Array
                                        (
                                            [GiftCategory] => No
                                            [HostHedge] => Normal
                                            [NonSensicalHedge] => Normal
                                            [ObscenitiesHedge] => Normal
                                            [PhoneHedge] => Normal
                                            [Type] => Default
                                            [Name] => Pijama Paris
                                            [Quantity] => 1
                                            [Sku] => 9737
                                            [TimeHedge] => Normal
                                            [UnitPrice] => 18600
                                            [Risk] => Normal
                                        )

                                )

                        )

                )

        )

)

10-18-2020 @ 06:25:34 - Resultado: RestClient Object
(
    [options] => Array
        (
            [headers] => Array
                (
                    [Content-Type] => application/json
                    [Accept] => application/json
                    [MerchantId] => 426b7f2b-19e4-4fee-aa06-5a061b9b6273
                    [MerchantKey] => ZbxpGCnRgVd5FgSkvS7QcgXsnH2tsIyHitTu7Mee
                    [RequestId] => 
                )

            [parameters] => Array
                (
                )

            [curl_options] => Array
                (
                )

            [user_agent] => PHP RestClient/0.1.4
            [base_url] => https://api.cieloecommerce.cielo.com.br/1/
            [format] => 
            [format_regex] => /(\w+)\/(\w+)(;[.+])?/
            [decoders] => Array
                (
                    [json] => json_decode
                    [php] => unserialize
                )

            [username] => 
            [password] => 
        )

    [handle] => Resource id #1582
    [response] => {"MerchantOrderId":"14464","Customer":{"Name":"DEBORA BEATRIZ PEREIRA","Identity":"05071260921","IdentityType":"CPF","Email":"ddeborabeatriz@gmail.com","Address":{"Street":"SANTO AGOSTINHO","Number":"204","Complement":"CASA","ZipCode":"88310200","City":"ITAJAI","State":"SC","Country":"BR","District":"CORDEIROS"},"DeliveryAddress":{"Street":"SANTO AGOSTINHO","Number":"204","Complement":"CASA","ZipCode":"88310200","City":"ITAJAI","State":"SC","Country":"BR","District":"CORDEIROS"}},"Payment":{"ServiceTaxAmount":0,"Installments":3,"Interest":0,"Capture":true,"Authenticate":false,"Recurrent":false,"CreditCard":{"CardNumber":"516292******8014","Holder":"DEBORA B PEREIRA","ExpirationDate":"05/2028","SaveCard":false,"Brand":"Master","PaymentAccountReference":"5001EUG9JX7TWTDDHWAGI4OLOX8TA"},"Tid":"102681432108FUH2IROE","ProofOfSale":"322010","AuthorizationCode":"538236","SoftDescriptor":"BIOSTILO","Provider":"Cielo","Eci":"0","FraudAnalysis":{"Status":4,"StatusDescription":"Aborted","Sequence":"AuthorizeFirst","SequenceCriteria":"OnSuccess","TotalOrderAmount":21328,"TransactionAmount":0,"FingerPrintId":"d41d8cd98f00b204e9800998ecf8427e20201018092340","Cart":{"IsGift":false,"ReturnsAccepted":true,"Items":[{"Type":3,"Name":"Pijama Paris","Risk":2,"Sku":"9737","OriginalPrice":0,"UnitPrice":18600,"Quantity":1,"HostHedge":2,"NonSensicalHedge":2,"ObscenitiesHedge":2,"PhoneHedge":2,"TimeHedge":2,"VelocityHedge":0,"GiftCategory":2,"Weight":0,"CartType":0}]},"Browser":{"CookiesAccepted":true,"Email":"ddeborabeatriz@gmail.com","Type":"mozilla/5.0 (x11; ubuntu; linux x86_64;","IpAddress":"189.112.213.193"},"CaptureOnLowRisk":true,"VoidOnHighRisk":true,"Provider":"Cybersource","IsRetryTransaction":false},"IsQrCode":false,"Amount":21328,"ReceivedDate":"2020-10-18 06:25:33","CapturedAmount":21328,"CapturedDate":"2020-10-18 06:25:33","Status":2,"IsSplitted":false,"ReturnMessage":"Transacao capturada com sucesso","ReturnCode":"00","PaymentId":"697d0e86-1f3e-4cf1-b24e-054b7f694251","Type":"CreditCard","Currency":"BRL","Country":"BRA","Links":[{"Method":"GET","Rel":"self","Href":"https://apiquery.cieloecommerce.cielo.com.br/1/sales/697d0e86-1f3e-4cf1-b24e-054b7f694251"},{"Method":"PUT","Rel":"void","Href":"https://api.cieloecommerce.cielo.com.br/1/sales/697d0e86-1f3e-4cf1-b24e-054b7f694251/void"}]}}
    [headers] => 
    [info] => stdClass Object
        (
            [url] => https://api.cieloecommerce.cielo.com.br/1/sales
            [content_type] => application/json; charset=utf-8
            [http_code] => 201
            [header_size] => 556
            [request_size] => 302
            [filetime] => -1
            [ssl_verify_result] => 0
            [redirect_count] => 0
            [total_time] => 1.734579
            [namelookup_time] => 0.0042
            [connect_time] => 0.117077
            [pretransfer_time] => 0.350784
            [size_upload] => 1592
            [size_download] => 2315
            [speed_download] => 1335
            [speed_upload] => 918
            [download_content_length] => 2315
            [upload_content_length] => 1592
            [starttransfer_time] => 0.468112
            [redirect_time] => 0
            [redirect_url] => 
            [primary_ip] => 191.232.52.242
            [certinfo] => Array
                (
                )

            [primary_port] => 443
            [local_ip] => 192.241.130.41
            [local_port] => 55918
        )

    [error] => 
    [status] => 201
    [decoded_response] => 
    [iterator_positon:RestClient:private] => 
    [url] => https://api.cieloecommerce.cielo.com.br/1/sales
)

