10-16-2020 @ 10:09:28 - Debug Cielo: Array
(
    [MerchantOrderId] => 00000014459
    [Customer] => Array
        (
            [Name] => GISELE CHIARADIA FRANKINI
            [Identity] => 99396114049
            [IdentityType] => CPF
            [Address] => Array
                (
                    [Street] => RUA GERMANO PETERSEN JUNIOR
                    [Number] => 433
                    [District] => HIGIANOPOLIS
                    [Complement] => 1104
                    [ZipCode] => 90540140
                    [City] => PORTO ALEGRE
                    [State] => RS
                    [Country] => BR
                )

        )

    [Payment] => Array
        (
            [Type] => Boleto
            [BoletoNumber] => 000030848
            [Amount] => 23528
            [Address] => DISTRITO INDUSTRIAL - SANTA BARBARA DOESTE SP
            [Assignor] => MANUSCRITO CONFECCOES EIRELI - ME
            [Identification] => 11240412000115
            [Provider] => BancodoBrasil2
            [ExpirationDate] => 2020-10-21
            [Instructions] => REALIZAR O PAGAMENTO ATE A DATA DE VENCIMENTO.
        )

)

10-16-2020 @ 10:09:28 - Resultado: RestClient Object
(
    [options] => Array
        (
            [headers] => Array
                (
                    [Content-Type] => application/json
                    [Accept] => application/json
                    [MerchantId] => 426b7f2b-19e4-4fee-aa06-5a061b9b6273
                    [MerchantKey] => ZbxpGCnRgVd5FgSkvS7QcgXsnH2tsIyHitTu7Mee
                    [RequestId] => 
                )

            [parameters] => Array
                (
                )

            [curl_options] => Array
                (
                )

            [user_agent] => PHP RestClient/0.1.4
            [base_url] => https://api.cieloecommerce.cielo.com.br/1/
            [format] => 
            [format_regex] => /(\w+)\/(\w+)(;[.+])?/
            [decoders] => Array
                (
                    [json] => json_decode
                    [php] => unserialize
                )

            [username] => 
            [password] => 
        )

    [handle] => Resource id #920
    [response] => {"MerchantOrderId":"00000014459","Customer":{"Name":"GISELE CHIARADIA FRANKINI","Identity":"99396114049","IdentityType":"CPF","Address":{"Street":"RUA GERMANO PETERSEN JUNIOR","Number":"433","Complement":"1104","ZipCode":"90540140","City":"PORTO ALEGRE","State":"RS","Country":"BR","District":"HIGIANOPOLIS"}},"Payment":{"Instructions":"REALIZAR O PAGAMENTO ATE A DATA DE VENCIMENTO.","ExpirationDate":"2020-10-21","Url":"https://transaction.pagador.com.br/post/pagador/reenvia.asp/410a6e4c-d8fe-4488-b7d7-a15e49d25127","BoletoNumber":"0000030848","BarCodeNumber":"","DigitableLine":"","Assignor":"MANUSCRITO CONFECCOES EIRELI - ME","Address":"DISTRITO INDUSTRIAL - SANTA BARBARA DOESTE SP","Identification":"11240412000115","ProviderReturnCode":"0","ProviderReturnMessage":"Transação criada com sucesso","Bank":0,"Amount":23528,"ReceivedDate":"2020-10-16 10:09:27","Provider":"BancoDoBrasil2","Status":1,"IsSplitted":false,"ReturnMessage":"Transação criada com sucesso","ReturnCode":"0","PaymentId":"410a6e4c-d8fe-4488-b7d7-a15e49d25127","Type":"Boleto","Currency":"BRL","Country":"BRA","Links":[{"Method":"GET","Rel":"self","Href":"https://apiquery.cieloecommerce.cielo.com.br/1/sales/410a6e4c-d8fe-4488-b7d7-a15e49d25127"}]}}
    [headers] => 
    [info] => stdClass Object
        (
            [url] => https://api.cieloecommerce.cielo.com.br/1/sales
            [content_type] => application/json; charset=utf-8
            [http_code] => 201
            [header_size] => 530
            [request_size] => 922
            [filetime] => -1
            [ssl_verify_result] => 0
            [redirect_count] => 0
            [total_time] => 0.922319
            [namelookup_time] => 0.012269
            [connect_time] => 0.126201
            [pretransfer_time] => 0.362641
            [size_upload] => 643
            [size_download] => 1232
            [speed_download] => 1336
            [speed_upload] => 697
            [download_content_length] => 1232
            [upload_content_length] => 643
            [starttransfer_time] => 0.922292
            [redirect_time] => 0
            [redirect_url] => 
            [primary_ip] => 191.232.52.242
            [certinfo] => Array
                (
                )

            [primary_port] => 443
            [local_ip] => 192.241.130.41
            [local_port] => 46376
        )

    [error] => 
    [status] => 201
    [decoded_response] => 
    [iterator_positon:RestClient:private] => 
    [url] => https://api.cieloecommerce.cielo.com.br/1/sales
)

