10-21-2020 @ 09:54:08 - Debug Cielo: Array
(
    [MerchantOrderId] => 14469
    [Customer] => Array
        (
            [Name] => Kezia Mare
            [Email] => keziamare2305@gmail.com
            [Identity] => 08071002690
            [IdentityType] => CPF
            [Address] => Array
                (
                    [Street] => Rua Bangu
                    [Number] => 203
                    [District] => Liberdade
                    [Complement] => Casa 04
                    [ZipCode] => 28893443
                    [City] => Rio das Ostras
                    [State] => RJ
                    [Country] => BR
                )

            [DeliveryAddress] => Array
                (
                    [Street] => Rua Bangu
                    [Number] => 203
                    [District] => Liberdade
                    [Complement] => Casa 04
                    [ZipCode] => 28893443
                    [City] => Rio das Ostras
                    [State] => RJ
                    [Country] => BR
                )

        )

    [Payment] => Array
        (
            [Type] => CreditCard
            [Amount] => 48428
            [Currency] => BRL
            [Country] => BRA
            [Provider] => Cielo
            [ServiceTaxAmount] => 0
            [Installments] => 3
            [Interest] => ByMerchant
            [Capture] => true
            [Authenticate] => false
            [Recurrent] => false
            [SoftDescriptor] => BIOSTILO
            [CreditCard] => Array
                (
                    [CardNumber] => 5526400403754910
                    [Holder] => KEZIA MARE
                    [ExpirationDate] => 09/2028
                    [SecurityCode] => 177
                    [SaveCard] => false
                    [Brand] => Master
                )

            [FraudAnalysis] => Array
                (
                    [Provider] => cybersource
                    [Sequence] => AuthorizeFirst
                    [SequenceCriteria] => OnSuccess
                    [CaptureOnLowRisk] => true
                    [VoidOnHighRisk] => true
                    [TotalOrderAmount] => 48428
                    [FingerPrintId] => 92311d0a5ed48aa924bf9a35d00c735420201021125031
                    [Browser] => Array
                        (
                            [CookiesAccepted] => 1
                            [Email] => keziamare2305@gmail.com
                            [IpAddress] => 177.131.173.185
                            [Type] => mozilla/5.0 (linux; android 9; redmi no
                        )

                    [Cart] => Array
                        (
                            [IsGift] => false
                            [ReturnsAccepted] => true
                            [Items] => Array
                                (
                                    [0] => Array
                                        (
                                            [GiftCategory] => No
                                            [HostHedge] => Normal
                                            [NonSensicalHedge] => Normal
                                            [ObscenitiesHedge] => Normal
                                            [PhoneHedge] => Normal
                                            [Type] => Default
                                            [Name] => Jaleco Heras
                                            [Quantity] => 2
                                            [Sku] => 6612
                                            [TimeHedge] => Normal
                                            [UnitPrice] => 22300
                                            [Risk] => Normal
                                        )

                                )

                        )

                )

        )

)

10-21-2020 @ 09:54:08 - Resultado: RestClient Object
(
    [options] => Array
        (
            [headers] => Array
                (
                    [Content-Type] => application/json
                    [Accept] => application/json
                    [MerchantId] => 426b7f2b-19e4-4fee-aa06-5a061b9b6273
                    [MerchantKey] => ZbxpGCnRgVd5FgSkvS7QcgXsnH2tsIyHitTu7Mee
                    [RequestId] => 
                )

            [parameters] => Array
                (
                )

            [curl_options] => Array
                (
                )

            [user_agent] => PHP RestClient/0.1.4
            [base_url] => https://api.cieloecommerce.cielo.com.br/1/
            [format] => 
            [format_regex] => /(\w+)\/(\w+)(;[.+])?/
            [decoders] => Array
                (
                    [json] => json_decode
                    [php] => unserialize
                )

            [username] => 
            [password] => 
        )

    [handle] => Resource id #926
    [response] => {"MerchantOrderId":"14469","Customer":{"Name":"Kezia Mare","Identity":"08071002690","IdentityType":"CPF","Email":"keziamare2305@gmail.com","Address":{"Street":"Rua Bangu","Number":"203","Complement":"Casa 04","ZipCode":"28893443","City":"Rio das Ostras","State":"RJ","Country":"BR","District":"Liberdade"},"DeliveryAddress":{"Street":"Rua Bangu","Number":"203","Complement":"Casa 04","ZipCode":"28893443","City":"Rio das Ostras","State":"RJ","Country":"BR","District":"Liberdade"}},"Payment":{"ServiceTaxAmount":0,"Installments":3,"Interest":0,"Capture":true,"Authenticate":false,"Recurrent":false,"CreditCard":{"CardNumber":"552640******4910","Holder":"KEZIA MARE","ExpirationDate":"09/2028","SaveCard":false,"Brand":"Master"},"Tid":"102681432108IO34ATVE","ProofOfSale":"325000","AuthorizationCode":"074758","SoftDescriptor":"BIOSTILO","Provider":"Cielo","Eci":"0","FraudAnalysis":{"Status":4,"StatusDescription":"Aborted","Sequence":"AuthorizeFirst","SequenceCriteria":"OnSuccess","TotalOrderAmount":48428,"TransactionAmount":0,"FingerPrintId":"92311d0a5ed48aa924bf9a35d00c735420201021125031","Cart":{"IsGift":false,"ReturnsAccepted":true,"Items":[{"Type":3,"Name":"Jaleco Heras","Risk":2,"Sku":"6612","OriginalPrice":0,"UnitPrice":22300,"Quantity":2,"HostHedge":2,"NonSensicalHedge":2,"ObscenitiesHedge":2,"PhoneHedge":2,"TimeHedge":2,"VelocityHedge":0,"GiftCategory":2,"Weight":0,"CartType":0}]},"Browser":{"CookiesAccepted":true,"Email":"keziamare2305@gmail.com","Type":"mozilla/5.0 (linux; android 9; redmi no","IpAddress":"177.131.173.185"},"CaptureOnLowRisk":true,"VoidOnHighRisk":true,"Provider":"Cybersource","IsRetryTransaction":false},"IsQrCode":false,"Amount":48428,"ReceivedDate":"2020-10-21 09:54:05","CapturedAmount":48428,"CapturedDate":"2020-10-21 09:54:06","Status":2,"IsSplitted":false,"ReturnMessage":"Transacao capturada com sucesso","ReturnCode":"00","PaymentId":"35011025-c5b6-4d58-abaf-5868b6600269","Type":"CreditCard","Currency":"BRL","Country":"BRA","Links":[{"Method":"GET","Rel":"self","Href":"https://apiquery.cieloecommerce.cielo.com.br/1/sales/35011025-c5b6-4d58-abaf-5868b6600269"},{"Method":"PUT","Rel":"void","Href":"https://api.cieloecommerce.cielo.com.br/1/sales/35011025-c5b6-4d58-abaf-5868b6600269/void"}]}}
    [headers] => 
    [info] => stdClass Object
        (
            [url] => https://api.cieloecommerce.cielo.com.br/1/sales
            [content_type] => application/json; charset=utf-8
            [http_code] => 201
            [header_size] => 556
            [request_size] => 302
            [filetime] => -1
            [ssl_verify_result] => 0
            [redirect_count] => 0
            [total_time] => 3.875028
            [namelookup_time] => 0.004177
            [connect_time] => 0.120581
            [pretransfer_time] => 0.354337
            [size_upload] => 1582
            [size_download] => 2247
            [speed_download] => 579
            [speed_upload] => 408
            [download_content_length] => 2247
            [upload_content_length] => 1582
            [starttransfer_time] => 0.480027
            [redirect_time] => 0
            [redirect_url] => 
            [primary_ip] => 191.232.52.242
            [certinfo] => Array
                (
                )

            [primary_port] => 443
            [local_ip] => 192.241.130.41
            [local_port] => 54588
        )

    [error] => 
    [status] => 201
    [decoded_response] => 
    [iterator_positon:RestClient:private] => 
    [url] => https://api.cieloecommerce.cielo.com.br/1/sales
)

10-21-2020 @ 16:08:25 - Debug Cielo: Array
(
    [MerchantOrderId] => 14470
    [Customer] => Array
        (
            [Name] => Denise Barbosa lima
            [Email] => Denisefisio@yahoo.com.br
            [Identity] => 72217324187
            [IdentityType] => CPF
            [Address] => Array
                (
                    [Street] => QR 04 conjunto A casa 90
                    [Number] => 90
                    [District] => Candangolândia
                    [Complement] => casa 90
                    [ZipCode] => 71725400
                    [City] => Candangolândia
                    [State] => DF
                    [Country] => BR
                )

            [DeliveryAddress] => Array
                (
                    [Street] => QR 04 conjunto A casa 90
                    [Number] => 90
                    [District] => Candangolândia
                    [Complement] => casa 90
                    [ZipCode] => 71725400
                    [City] => Candangolândia
                    [State] => DF
                    [Country] => BR
                )

        )

    [Payment] => Array
        (
            [Type] => CreditCard
            [Amount] => 39928
            [Currency] => BRL
            [Country] => BRA
            [Provider] => Cielo
            [ServiceTaxAmount] => 0
            [Installments] => 3
            [Interest] => ByMerchant
            [Capture] => true
            [Authenticate] => false
            [Recurrent] => false
            [SoftDescriptor] => BIOSTILO
            [CreditCard] => Array
                (
                    [CardNumber] => 5122150632658261
                    [Holder] => DENISE BARBOSA LIMA
                    [ExpirationDate] => 07/2028
                    [SecurityCode] => 470
                    [SaveCard] => false
                    [Brand] => Master
                )

            [FraudAnalysis] => Array
                (
                    [Provider] => cybersource
                    [Sequence] => AuthorizeFirst
                    [SequenceCriteria] => OnSuccess
                    [CaptureOnLowRisk] => true
                    [VoidOnHighRisk] => true
                    [TotalOrderAmount] => 39928
                    [FingerPrintId] => 862ebed52ae15ad889a629262a54b07720201021190712
                    [Browser] => Array
                        (
                            [CookiesAccepted] => 1
                            [Email] => Denisefisio@yahoo.com.br
                            [IpAddress] => 177.75.6.214
                            [Type] => mozilla/5.0 (iphone; cpu iphone os 13_3
                        )

                    [Cart] => Array
                        (
                            [IsGift] => false
                            [ReturnsAccepted] => true
                            [Items] => Array
                                (
                                    [0] => Array
                                        (
                                            [GiftCategory] => No
                                            [HostHedge] => Normal
                                            [NonSensicalHedge] => Normal
                                            [ObscenitiesHedge] => Normal
                                            [PhoneHedge] => Normal
                                            [Type] => Default
                                            [Name] => Pijama Paris
                                            [Quantity] => 2
                                            [Sku] => 9737
                                            [TimeHedge] => Normal
                                            [UnitPrice] => 18600
                                            [Risk] => Normal
                                        )

                                )

                        )

                )

        )

)

10-21-2020 @ 16:08:25 - Resultado: RestClient Object
(
    [options] => Array
        (
            [headers] => Array
                (
                    [Content-Type] => application/json
                    [Accept] => application/json
                    [MerchantId] => 426b7f2b-19e4-4fee-aa06-5a061b9b6273
                    [MerchantKey] => ZbxpGCnRgVd5FgSkvS7QcgXsnH2tsIyHitTu7Mee
                    [RequestId] => 
                )

            [parameters] => Array
                (
                )

            [curl_options] => Array
                (
                )

            [user_agent] => PHP RestClient/0.1.4
            [base_url] => https://api.cieloecommerce.cielo.com.br/1/
            [format] => 
            [format_regex] => /(\w+)\/(\w+)(;[.+])?/
            [decoders] => Array
                (
                    [json] => json_decode
                    [php] => unserialize
                )

            [username] => 
            [password] => 
        )

    [handle] => Resource id #918
    [response] => {"MerchantOrderId":"14470","Customer":{"Name":"Denise Barbosa lima","Identity":"72217324187","IdentityType":"CPF","Email":"Denisefisio@yahoo.com.br","Address":{"Street":"QR 04 conjunto A casa 90","Number":"90","Complement":"casa 90","ZipCode":"71725400","City":"Candangolândia","State":"DF","Country":"BR","District":"Candangolândia"},"DeliveryAddress":{"Street":"QR 04 conjunto A casa 90","Number":"90","Complement":"casa 90","ZipCode":"71725400","City":"Candangolândia","State":"DF","Country":"BR","District":"Candangolândia"}},"Payment":{"ServiceTaxAmount":0,"Installments":3,"Interest":0,"Capture":true,"Authenticate":false,"Recurrent":false,"CreditCard":{"CardNumber":"512215******8261","Holder":"DENISE BARBOSA LIMA","ExpirationDate":"07/2028","SaveCard":false,"Brand":"Master","PaymentAccountReference":"50014AO1R9SA11JRV433WTWBR1OGE"},"Tid":"102681432108IO3IQB9E","ProofOfSale":"324002","AuthorizationCode":"029085","SoftDescriptor":"BIOSTILO","Provider":"Cielo","Eci":"0","FraudAnalysis":{"Status":4,"StatusDescription":"Aborted","Sequence":"AuthorizeFirst","SequenceCriteria":"OnSuccess","TotalOrderAmount":39928,"TransactionAmount":0,"FingerPrintId":"862ebed52ae15ad889a629262a54b07720201021190712","Cart":{"IsGift":false,"ReturnsAccepted":true,"Items":[{"Type":3,"Name":"Pijama Paris","Risk":2,"Sku":"9737","OriginalPrice":0,"UnitPrice":18600,"Quantity":2,"HostHedge":2,"NonSensicalHedge":2,"ObscenitiesHedge":2,"PhoneHedge":2,"TimeHedge":2,"VelocityHedge":0,"GiftCategory":2,"Weight":0,"CartType":0}]},"Browser":{"CookiesAccepted":true,"Email":"Denisefisio@yahoo.com.br","Type":"mozilla/5.0 (iphone; cpu iphone os 13_3","IpAddress":"177.75.6.214"},"CaptureOnLowRisk":true,"VoidOnHighRisk":true,"Provider":"Cybersource","IsRetryTransaction":false},"IsQrCode":false,"Amount":39928,"ReceivedDate":"2020-10-21 16:08:24","CapturedAmount":39928,"CapturedDate":"2020-10-21 16:08:24","Status":2,"IsSplitted":false,"ReturnMessage":"Transacao capturada com sucesso","ReturnCode":"00","PaymentId":"e5d6b7a1-429f-4407-9151-3cb11d54fb18","Type":"CreditCard","Currency":"BRL","Country":"BRA","Links":[{"Method":"GET","Rel":"self","Href":"https://apiquery.cieloecommerce.cielo.com.br/1/sales/e5d6b7a1-429f-4407-9151-3cb11d54fb18"},{"Method":"PUT","Rel":"void","Href":"https://api.cieloecommerce.cielo.com.br/1/sales/e5d6b7a1-429f-4407-9151-3cb11d54fb18/void"}]}}
    [headers] => 
    [info] => stdClass Object
        (
            [url] => https://api.cieloecommerce.cielo.com.br/1/sales
            [content_type] => application/json; charset=utf-8
            [http_code] => 201
            [header_size] => 556
            [request_size] => 302
            [filetime] => -1
            [ssl_verify_result] => 0
            [redirect_count] => 0
            [total_time] => 1.76375
            [namelookup_time] => 0.004207
            [connect_time] => 0.121431
            [pretransfer_time] => 0.362682
            [size_upload] => 1657
            [size_download] => 2364
            [speed_download] => 1340
            [speed_upload] => 939
            [download_content_length] => 2364
            [upload_content_length] => 1657
            [starttransfer_time] => 0.493257
            [redirect_time] => 0
            [redirect_url] => 
            [primary_ip] => 191.232.52.242
            [certinfo] => Array
                (
                )

            [primary_port] => 443
            [local_ip] => 192.241.130.41
            [local_port] => 32914
        )

    [error] => 
    [status] => 201
    [decoded_response] => 
    [iterator_positon:RestClient:private] => 
    [url] => https://api.cieloecommerce.cielo.com.br/1/sales
)

10-21-2020 @ 16:13:15 - Debug Cielo: Array
(
    [MerchantOrderId] => 14471
    [Customer] => Array
        (
            [Name] => Marina Sindorf
            [Email] => marinatalho@yahoo.com
            [Identity] => 01565773640
            [IdentityType] => CPF
            [Address] => Array
                (
                    [Street] => R Locarno
                    [Number] => 231
                    [District] => Morin
                    [Complement] => 
                    [ZipCode] => 25630190
                    [City] => Petrópolis
                    [State] => RJ
                    [Country] => BR
                )

            [DeliveryAddress] => Array
                (
                    [Street] => R Locarno
                    [Number] => 231
                    [District] => Morin
                    [Complement] => 
                    [ZipCode] => 25630190
                    [City] => Petrópolis
                    [State] => RJ
                    [Country] => BR
                )

        )

    [Payment] => Array
        (
            [Type] => CreditCard
            [Amount] => 19128
            [Currency] => BRL
            [Country] => BRA
            [Provider] => Cielo
            [ServiceTaxAmount] => 0
            [Installments] => 1
            [Interest] => ByIssuer
            [Capture] => true
            [Authenticate] => false
            [Recurrent] => false
            [SoftDescriptor] => BIOSTILO
            [CreditCard] => Array
                (
                    [CardNumber] => 6516532002561195
                    [Holder] => MARINA T RIBEIRO
                    [ExpirationDate] => 11/2024
                    [SecurityCode] => 633
                    [SaveCard] => false
                    [Brand] => Discover
                )

            [FraudAnalysis] => Array
                (
                    [Provider] => cybersource
                    [Sequence] => AuthorizeFirst
                    [SequenceCriteria] => OnSuccess
                    [CaptureOnLowRisk] => true
                    [VoidOnHighRisk] => true
                    [TotalOrderAmount] => 19128
                    [FingerPrintId] => d41d8cd98f00b204e9800998ecf8427e20201021191128
                    [Browser] => Array
                        (
                            [CookiesAccepted] => 1
                            [Email] => marinatalho@yahoo.com
                            [IpAddress] => 201.19.33.245
                            [Type] => mozilla/5.0 (windows nt 10.0; win64; x6
                        )

                    [Cart] => Array
                        (
                            [IsGift] => false
                            [ReturnsAccepted] => true
                            [Items] => Array
                                (
                                    [0] => Array
                                        (
                                            [GiftCategory] => No
                                            [HostHedge] => Normal
                                            [NonSensicalHedge] => Normal
                                            [ObscenitiesHedge] => Normal
                                            [PhoneHedge] => Normal
                                            [Type] => Default
                                            [Name] => Jaleco Allegra
                                            [Quantity] => 1
                                            [Sku] => 7960
                                            [TimeHedge] => Normal
                                            [UnitPrice] => 16400
                                            [Risk] => Normal
                                        )

                                )

                        )

                )

        )

)

10-21-2020 @ 16:13:15 - Resultado: RestClient Object
(
    [options] => Array
        (
            [headers] => Array
                (
                    [Content-Type] => application/json
                    [Accept] => application/json
                    [MerchantId] => 426b7f2b-19e4-4fee-aa06-5a061b9b6273
                    [MerchantKey] => ZbxpGCnRgVd5FgSkvS7QcgXsnH2tsIyHitTu7Mee
                    [RequestId] => 
                )

            [parameters] => Array
                (
                )

            [curl_options] => Array
                (
                )

            [user_agent] => PHP RestClient/0.1.4
            [base_url] => https://api.cieloecommerce.cielo.com.br/1/
            [format] => 
            [format_regex] => /(\w+)\/(\w+)(;[.+])?/
            [decoders] => Array
                (
                    [json] => json_decode
                    [php] => unserialize
                )

            [username] => 
            [password] => 
        )

    [handle] => Resource id #946
    [response] => {"MerchantOrderId":"14471","Customer":{"Name":"Marina Sindorf","Identity":"01565773640","IdentityType":"CPF","Email":"marinatalho@yahoo.com","Address":{"Street":"R Locarno","Number":"231","Complement":"","ZipCode":"25630190","City":"Petrópolis","State":"RJ","Country":"BR","District":"Morin"},"DeliveryAddress":{"Street":"R Locarno","Number":"231","Complement":"","ZipCode":"25630190","City":"Petrópolis","State":"RJ","Country":"BR","District":"Morin"}},"Payment":{"ServiceTaxAmount":0,"Installments":1,"Interest":1,"Capture":true,"Authenticate":false,"Recurrent":false,"CreditCard":{"CardNumber":"651653******1195","Holder":"MARINA T RIBEIRO","ExpirationDate":"11/2024","SaveCard":false,"Brand":"Elo"},"Tid":"102681432108IO3JNFBE","ProofOfSale":"325002","AuthorizationCode":"407693","SoftDescriptor":"BIOSTILO","Provider":"Cielo","Eci":"7","FraudAnalysis":{"Status":4,"StatusDescription":"Aborted","Sequence":"AuthorizeFirst","SequenceCriteria":"OnSuccess","TotalOrderAmount":19128,"TransactionAmount":0,"FingerPrintId":"d41d8cd98f00b204e9800998ecf8427e20201021191128","Cart":{"IsGift":false,"ReturnsAccepted":true,"Items":[{"Type":3,"Name":"Jaleco Allegra","Risk":2,"Sku":"7960","OriginalPrice":0,"UnitPrice":16400,"Quantity":1,"HostHedge":2,"NonSensicalHedge":2,"ObscenitiesHedge":2,"PhoneHedge":2,"TimeHedge":2,"VelocityHedge":0,"GiftCategory":2,"Weight":0,"CartType":0}]},"Browser":{"CookiesAccepted":true,"Email":"marinatalho@yahoo.com","Type":"mozilla/5.0 (windows nt 10.0; win64; x6","IpAddress":"201.19.33.245"},"CaptureOnLowRisk":true,"VoidOnHighRisk":true,"Provider":"Cybersource","IsRetryTransaction":false},"IsQrCode":false,"Amount":19128,"ReceivedDate":"2020-10-21 16:13:14","CapturedAmount":19128,"CapturedDate":"2020-10-21 16:13:15","Status":2,"IsSplitted":false,"ReturnMessage":"Transacao capturada com sucesso","ReturnCode":"00","PaymentId":"0f8b85b4-41ee-4072-b670-04a0b2d819e2","Type":"CreditCard","Currency":"BRL","Country":"BRA","Links":[{"Method":"GET","Rel":"self","Href":"https://apiquery.cieloecommerce.cielo.com.br/1/sales/0f8b85b4-41ee-4072-b670-04a0b2d819e2"},{"Method":"PUT","Rel":"void","Href":"https://api.cieloecommerce.cielo.com.br/1/sales/0f8b85b4-41ee-4072-b670-04a0b2d819e2/void"}]}}
    [headers] => 
    [info] => stdClass Object
        (
            [url] => https://api.cieloecommerce.cielo.com.br/1/sales
            [content_type] => application/json; charset=utf-8
            [http_code] => 201
            [header_size] => 556
            [request_size] => 302
            [filetime] => -1
            [ssl_verify_result] => 0
            [redirect_count] => 0
            [total_time] => 1.705634
            [namelookup_time] => 0.004169
            [connect_time] => 0.118098
            [pretransfer_time] => 0.356791
            [size_upload] => 1568
            [size_download] => 2222
            [speed_download] => 1303
            [speed_upload] => 919
            [download_content_length] => 2222
            [upload_content_length] => 1568
            [starttransfer_time] => 0.487201
            [redirect_time] => 0
            [redirect_url] => 
            [primary_ip] => 191.232.52.242
            [certinfo] => Array
                (
                )

            [primary_port] => 443
            [local_ip] => 192.241.130.41
            [local_port] => 33074
        )

    [error] => 
    [status] => 201
    [decoded_response] => 
    [iterator_positon:RestClient:private] => 
    [url] => https://api.cieloecommerce.cielo.com.br/1/sales
)

